[Wed Jun  3 16:38:30 2026].9110, 0.0000: HTTP: libcurl/8.20.0 OpenSSL/3.6.2 zlib/1.3.2 brotli/1.2.0 zstd/1.5.7 libidn2/2.3.8 libpsl/0.21.5 libssh2/1.11.1 nghttp2/1.69.0 ngtcp2/1.22.1 nghttp3/1.15.0 WinLDAP
[Wed Jun  3 16:38:31 2026].0310, 0.1200: VSICURL: GetFileSize(https://www2.census.gov/geo/tiger/TIGER2025/COUNTY/tl_2025_us_county.zip): response_code=200, curl error msg=Failure writing output to destination, passed 1360 returned 0
[Wed Jun  3 16:38:31 2026].0320, 0.1210: VSICURL: Downloading 83984384-83989799 (https://www2.census.gov/geo/tiger/TIGER2025/COUNTY/tl_2025_us_county.zip)...
[Wed Jun  3 16:38:31 2026].1140, 0.2030: VSICURL: Got response_code=206
[Wed Jun  3 16:38:31 2026].1150, 0.2040: VSICURL: Downloading 83951616-83984383 (https://www2.census.gov/geo/tiger/TIGER2025/COUNTY/tl_2025_us_county.zip)...
[Wed Jun  3 16:38:31 2026].1380, 0.2270: VSICURL: Got response_code=206
[Wed Jun  3 16:38:31 2026].1380, 0.2270: VSICURL: Downloading 83918848-83951615 (https://www2.census.gov/geo/tiger/TIGER2025/COUNTY/tl_2025_us_county.zip)...
[Wed Jun  3 16:38:31 2026].1620, 0.2510: VSICURL: Got response_code=206
[Wed Jun  3 16:38:31 2026].1630, 0.2520: VSICURL: Downloading 163840-196607 (https://www2.census.gov/geo/tiger/TIGER2025/COUNTY/tl_2025_us_county.zip)...
[Wed Jun  3 16:38:31 2026].1910, 0.2800: VSICURL: Got response_code=206
[Wed Jun  3 16:38:31 2026].1920, 0.2810: VSICURL: Downloading 196608-262143 (https://www2.census.gov/geo/tiger/TIGER2025/COUNTY/tl_2025_us_county.zip)...
[Wed Jun  3 16:38:31 2026].2130, 0.3020: VSICURL: Got response_code=206
[Wed Jun  3 16:38:31 2026].2180, 0.3070: VSICURL: Downloading 0-32767 (https://www2.census.gov/geo/tiger/TIGER2025/COUNTY/tl_2025_us_county.zip)...
[Wed Jun  3 16:38:31 2026].2360, 0.3250: VSICURL: Got response_code=206
[Wed Jun  3 16:38:31 2026].2380, 0.3270: VSICURL: Downloading 32768-98303 (https://www2.census.gov/geo/tiger/TIGER2025/COUNTY/tl_2025_us_county.zip)...
[Wed Jun  3 16:38:31 2026].2610, 0.3500: VSICURL: Got response_code=206
[Wed Jun  3 16:38:31 2026].2610, 0.3500: Shape: DBF Codepage = UTF-8 for /vsizip//vsicurl/https://www2.census.gov/geo/tiger/TIGER2025/COUNTY/tl_2025_us_county.zip/tl_2025_us_county.shp
[Wed Jun  3 16:38:31 2026].2610, 0.3500: Shape: Treating as encoding 'UTF-8'.
[Wed Jun  3 16:38:31 2026].2620, 0.3510: GDAL: GDALOpen(/vsizip//vsicurl/https://www2.census.gov/geo/tiger/TIGER2025/COUNTY/tl_2025_us_county.zip/tl_2025_us_county.shp, this=000000800190E590) succeeds as ESRI Shapefile.
[Wed Jun  3 16:38:31 2026].2630, 0.3520: CPLError: pipeline: Step sort is not natively streaming compatible, and may cause significant processing time at opening
Warning 1: pipeline: Step sort is not natively streaming compatible, and may cause significant processing time at opening
[Wed Jun  3 16:38:31 2026].2640, 0.3530: GDAL: GDALClose(/vsizip//vsicurl/https://www2.census.gov/geo/tiger/TIGER2025/COUNTY/tl_2025_us_county.zip/tl_2025_us_county.shp, this=000000800190E590)
[Wed Jun  3 16:38:31 2026].2640, 0.3530: GDAL: In GDALDestroy - unloading GDAL shared library.
